mode: set
mud-platform-backend/internal/game/processor/processor.go:22.40,24.2 1 1
mud-platform-backend/internal/game/processor/processor.go:27.52,29.2 1 1
mud-platform-backend/internal/game/processor/processor.go:32.124,34.80 1 1
mud-platform-backend/internal/game/processor/processor.go:34.80,36.3 1 1
mud-platform-backend/internal/game/processor/processor.go:39.2,39.20 1 1
mud-platform-backend/internal/game/processor/processor.go:40.14,41.35 1 1
mud-platform-backend/internal/game/processor/processor.go:44.20,45.49 1 1
mud-platform-backend/internal/game/processor/processor.go:46.25,47.53 1 1
mud-platform-backend/internal/game/processor/processor.go:48.19,49.48 1 1
mud-platform-backend/internal/game/processor/processor.go:50.25,51.53 1 1
mud-platform-backend/internal/game/processor/processor.go:52.20,53.49 1 1
mud-platform-backend/internal/game/processor/processor.go:54.25,55.53 1 1
mud-platform-backend/internal/game/processor/processor.go:56.19,57.48 1 1
mud-platform-backend/internal/game/processor/processor.go:58.25,59.53 1 1
mud-platform-backend/internal/game/processor/processor.go:60.17,61.46 1 1
mud-platform-backend/internal/game/processor/processor.go:62.19,63.48 1 1
mud-platform-backend/internal/game/processor/processor.go:66.14,67.40 1 1
mud-platform-backend/internal/game/processor/processor.go:68.15,69.41 1 1
mud-platform-backend/internal/game/processor/processor.go:72.14,73.40 1 1
mud-platform-backend/internal/game/processor/processor.go:76.13,77.39 1 1
mud-platform-backend/internal/game/processor/processor.go:78.17,79.43 1 1
mud-platform-backend/internal/game/processor/processor.go:80.14,81.40 1 1
mud-platform-backend/internal/game/processor/processor.go:84.13,85.34 1 1
mud-platform-backend/internal/game/processor/processor.go:88.14,89.40 1 1
mud-platform-backend/internal/game/processor/processor.go:90.14,91.40 1 1
mud-platform-backend/internal/game/processor/processor.go:92.16,93.42 1 1
mud-platform-backend/internal/game/processor/processor.go:94.14,95.40 1 1
mud-platform-backend/internal/game/processor/processor.go:96.19,97.40 1 1
mud-platform-backend/internal/game/processor/processor.go:98.15,99.41 1 1
mud-platform-backend/internal/game/processor/processor.go:100.13,101.39 1 1
mud-platform-backend/internal/game/processor/processor.go:102.10,103.60 1 1
mud-platform-backend/internal/game/processor/processor.go:108.92,139.2 3 1
mud-platform-backend/internal/game/processor/processor.go:142.115,147.2 3 1
mud-platform-backend/internal/game/processor/processor.go:150.120,151.23 1 1
mud-platform-backend/internal/game/processor/processor.go:151.23,153.3 1 1
mud-platform-backend/internal/game/processor/processor.go:156.2,158.12 3 1
mud-platform-backend/internal/game/processor/processor.go:162.121,163.23 1 1
mud-platform-backend/internal/game/processor/processor.go:163.23,165.3 1 1
mud-platform-backend/internal/game/processor/processor.go:168.2,170.12 3 1
mud-platform-backend/internal/game/processor/processor.go:174.119,175.24 1 1
mud-platform-backend/internal/game/processor/processor.go:175.24,177.3 1 1
mud-platform-backend/internal/game/processor/processor.go:180.2,184.12 2 1
mud-platform-backend/internal/game/processor/processor.go:188.123,189.26 1 1
mud-platform-backend/internal/game/processor/processor.go:189.26,191.3 1 1
mud-platform-backend/internal/game/processor/processor.go:192.2,192.24 1 1
mud-platform-backend/internal/game/processor/processor.go:192.24,194.3 1 1
mud-platform-backend/internal/game/processor/processor.go:199.2,203.12 2 1
mud-platform-backend/internal/game/processor/processor.go:207.120,208.26 1 1
mud-platform-backend/internal/game/processor/processor.go:208.26,210.3 1 1
mud-platform-backend/internal/game/processor/processor.go:211.2,211.24 1 1
mud-platform-backend/internal/game/processor/processor.go:211.24,213.3 1 1
mud-platform-backend/internal/game/processor/processor.go:218.2,222.12 2 1
mud-platform-backend/internal/game/processor/processor.go:226.91,227.18 1 1
mud-platform-backend/internal/game/processor/processor.go:227.18,229.3 1 1
mud-platform-backend/internal/game/processor/processor.go:242.2,247.12 4 1
mud-platform-backend/internal/game/processor/processor.go:250.120,253.23 2 1
mud-platform-backend/internal/game/processor/processor.go:253.23,255.3 1 1
mud-platform-backend/internal/game/processor/processor.go:257.2,258.12 2 1
mud-platform-backend/internal/game/processor/processor.go:261.120,262.23 1 1
mud-platform-backend/internal/game/processor/processor.go:262.23,264.3 1 1
mud-platform-backend/internal/game/processor/processor.go:267.2,273.12 3 1
mud-platform-backend/internal/game/processor/processor.go:276.120,277.23 1 1
mud-platform-backend/internal/game/processor/processor.go:277.23,279.3 1 1
mud-platform-backend/internal/game/processor/processor.go:282.2,284.12 3 1
mud-platform-backend/internal/game/processor/processor.go:287.122,288.23 1 1
mud-platform-backend/internal/game/processor/processor.go:288.23,290.3 1 1
mud-platform-backend/internal/game/processor/processor.go:293.2,299.12 3 1
mud-platform-backend/internal/game/processor/processor.go:302.120,303.23 1 1
mud-platform-backend/internal/game/processor/processor.go:303.23,305.3 1 1
mud-platform-backend/internal/game/processor/processor.go:308.2,312.12 2 1
mud-platform-backend/internal/game/processor/processor.go:315.97,319.2 2 1
mud-platform-backend/internal/game/processor/processor.go:321.121,322.23 1 1
mud-platform-backend/internal/game/processor/processor.go:322.23,324.3 1 1
mud-platform-backend/internal/game/processor/processor.go:327.2,333.12 3 1
mud-platform-backend/internal/game/processor/processor.go:336.119,337.23 1 1
mud-platform-backend/internal/game/processor/processor.go:337.23,339.3 1 1
mud-platform-backend/internal/game/processor/processor.go:342.2,344.12 3 1
mud-platform-backend/internal/game/processor/processor.go:348.70,367.2 2 1
